-------------------------------------------------------------------------------
Test set: com.abroadtalents.vip.service.UserServiceImplTest
-------------------------------------------------------------------------------
Tests run: 4, Failures: 1, Errors: 0, Skipped: 0, Time elapsed: 0.008 sec <<< FAILURE! - in com.abroadtalents.vip.service.UserServiceImplTest
shouldSaveNewUser_GivenThereExistsOneWithTheSameId_ThenTheExceptionShouldBeThrown(com.abroadtalents.vip.service.UserServiceImplTest)  Time elapsed: 0.005 sec  <<< FAILURE!
java.lang.AssertionError: Expected exception
	at org.junit.Assert.fail(Assert.java:88)
	at com.abroadtalents.vip.service.UserServiceImplTest.shouldSaveNewUser_GivenThereExistsOneWithTheSameId_ThenTheExceptionShouldBeThrown(UserServiceImplTest.java:56)

